<?xml version="1.0" encoding="UTF-8"?>
<testsuite xmlns:xsi="http://www.w3.org/2001/XMLSchema-instance" xsi:noNamespaceSchemaLocation="https://maven.apache.org/surefire/maven-surefire-plugin/xsd/surefire-test-report.xsd" name="src.test.java.com.example.TicTacToeTest" time="0.263" tests="30" errors="0" skipped="0" failures="10">
  <properties>
    <property name="awt.toolkit" value="sun.awt.X11.XToolkit"/>
    <property name="java.specification.version" value="11"/>
    <property name="sun.cpu.isalist" value=""/>
    <property name="sun.jnu.encoding" value="UTF-8"/>
    <property name="java.class.path" value="/workspaces/Tic-Tac-Toe/target/test-classes:/workspaces/Tic-Tac-Toe/target/classes:/home/codespace/.m2/repository/junit/junit/4.13.2/junit-4.13.2.jar:/home/codespace/.m2/repository/org/hamcrest/hamcrest-core/1.3/hamcrest-core-1.3.jar:"/>
    <property name="java.vm.vendor" value="Microsoft"/>
    <property name="sun.arch.data.model" value="64"/>
    <property name="java.vendor.url" value="https://www.microsoft.com"/>
    <property name="user.timezone" value=""/>
    <property name="java.vm.specification.version" value="11"/>
    <property name="os.name" value="Linux"/>
    <property name="sun.java.launcher" value="SUN_STANDARD"/>
    <property name="sun.boot.library.path" value="/opt/java/11.0.14/lib"/>
    <property name="sun.java.command" value="/workspaces/Tic-Tac-Toe/target/surefire/surefirebooter10965807800005419054.jar /workspaces/Tic-Tac-Toe/target/surefire 2024-07-22T17-20-15_093-jvmRun1 surefire7359111013307677147tmp surefire_012571899230403261438tmp"/>
    <property name="jdk.debug" value="release"/>
    <property name="surefire.test.class.path" value="/workspaces/Tic-Tac-Toe/target/test-classes:/workspaces/Tic-Tac-Toe/target/classes:/home/codespace/.m2/repository/junit/junit/4.13.2/junit-4.13.2.jar:/home/codespace/.m2/repository/org/hamcrest/hamcrest-core/1.3/hamcrest-core-1.3.jar:"/>
    <property name="sun.cpu.endian" value="little"/>
    <property name="user.home" value="/home/codespace"/>
    <property name="user.language" value="en"/>
    <property name="java.specification.vendor" value="Oracle Corporation"/>
    <property name="java.version.date" value="2022-02-08"/>
    <property name="java.home" value="/opt/java/11.0.14"/>
    <property name="file.separator" value="/"/>
    <property name="basedir" value="/workspaces/Tic-Tac-Toe"/>
    <property name="java.vm.compressedOopsMode" value="32-bit"/>
    <property name="line.separator" value="&#10;"/>
    <property name="java.specification.name" value="Java Platform API Specification"/>
    <property name="java.vm.specification.vendor" value="Oracle Corporation"/>
    <property name="java.awt.graphicsenv" value="sun.awt.X11GraphicsEnvironment"/>
    <property name="surefire.real.class.path" value="/workspaces/Tic-Tac-Toe/target/surefire/surefirebooter10965807800005419054.jar"/>
    <property name="sun.management.compiler" value="HotSpot 64-Bit Tiered Compilers"/>
    <property name="java.runtime.version" value="11.0.14.1+1-LTS"/>
    <property name="user.name" value="codespace"/>
    <property name="path.separator" value=":"/>
    <property name="os.version" value="6.5.0-1022-azure"/>
    <property name="java.runtime.name" value="OpenJDK Runtime Environment"/>
    <property name="file.encoding" value="UTF-8"/>
    <property name="java.vm.name" value="OpenJDK 64-Bit Server VM"/>
    <property name="java.vendor.version" value="Microsoft-31205"/>
    <property name="localRepository" value="/home/codespace/.m2/repository"/>
    <property name="java.vendor.url.bug" value="https://github.com/microsoft/openjdk/issues"/>
    <property name="java.io.tmpdir" value="/tmp"/>
    <property name="java.version" value="11.0.14.1"/>
    <property name="user.dir" value="/workspaces/Tic-Tac-Toe"/>
    <property name="os.arch" value="amd64"/>
    <property name="java.vm.specification.name" value="Java Virtual Machine Specification"/>
    <property name="java.awt.printerjob" value="sun.print.PSPrinterJob"/>
    <property name="sun.os.patch.level" value="unknown"/>
    <property name="java.library.path" value="/usr/java/packages/lib:/usr/lib64:/lib64:/lib:/usr/lib"/>
    <property name="java.vm.info" value="mixed mode"/>
    <property name="java.vendor" value="Microsoft"/>
    <property name="java.vm.version" value="11.0.14.1+1-LTS"/>
    <property name="sun.io.unicode.encoding" value="UnicodeLittle"/>
    <property name="java.class.version" value="55.0"/>
  </properties>
  <testcase name="testCheckWinHorizontal" classname="src.test.java.com.example.TicTacToeTest" time="0.021">
    <failure type="java.lang.AssertionError">java.lang.AssertionError
	at src.test.java.com.example.TicTacToeTest.testCheckWinHorizontal(TicTacToeTest.java:237)
</failure>
  </testcase>
  <testcase name="testGetBoardAfterReset" classname="src.test.java.com.example.TicTacToeTest" time="0.001"/>
  <testcase name="testInvalidMove" classname="src.test.java.com.example.TicTacToeTest" time="0.001"/>
  <testcase name="testInvalidMoveOutOfBounds" classname="src.test.java.com.example.TicTacToeTest" time="0"/>
  <testcase name="testBoardNotFull" classname="src.test.java.com.example.TicTacToeTest" time="0"/>
  <testcase name="testGameNotOverAfterReset" classname="src.test.java.com.example.TicTacToeTest" time="0"/>
  <testcase name="testWinningConditionDiagonal" classname="src.test.java.com.example.TicTacToeTest" time="0.002">
    <failure type="java.lang.AssertionError">java.lang.AssertionError
	at src.test.java.com.example.TicTacToeTest.testWinningConditionDiagonal(TicTacToeTest.java:58)
</failure>
  </testcase>
  <testcase name="testPlayerSwitching" classname="src.test.java.com.example.TicTacToeTest" time="0"/>
  <testcase name="testGameInitialization" classname="src.test.java.com.example.TicTacToeTest" time="0"/>
  <testcase name="testGetCurrentPlayer" classname="src.test.java.com.example.TicTacToeTest" time="0"/>
  <testcase name="testWinningConditionRow" classname="src.test.java.com.example.TicTacToeTest" time="0.001">
    <failure type="java.lang.AssertionError">java.lang.AssertionError
	at src.test.java.com.example.TicTacToeTest.testWinningConditionRow(TicTacToeTest.java:42)
</failure>
  </testcase>
  <testcase name="testBoardFullButNoWinner" classname="src.test.java.com.example.TicTacToeTest" time="0.001">
    <failure type="java.lang.AssertionError">java.lang.AssertionError
	at src.test.java.com.example.TicTacToeTest.testBoardFullButNoWinner(TicTacToeTest.java:204)
</failure>
  </testcase>
  <testcase name="testGameOverAfterPlayerWins" classname="src.test.java.com.example.TicTacToeTest" time="0.001">
    <failure type="java.lang.AssertionError">java.lang.AssertionError
	at src.test.java.com.example.TicTacToeTest.testGameOverAfterPlayerWins(TicTacToeTest.java:190)
</failure>
  </testcase>
  <testcase name="testInitialBoardState" classname="src.test.java.com.example.TicTacToeTest" time="0"/>
  <testcase name="testGameOverAfterDraw" classname="src.test.java.com.example.TicTacToeTest" time="0.001"/>
  <testcase name="testWinningConditionAntiDiagonal" classname="src.test.java.com.example.TicTacToeTest" time="0.004">
    <failure type="java.lang.AssertionError">java.lang.AssertionError
	at src.test.java.com.example.TicTacToeTest.testWinningConditionAntiDiagonal(TicTacToeTest.java:100)
</failure>
  </testcase>
  <testcase name="testPlayerCannotMoveAfterGameOver" classname="src.test.java.com.example.TicTacToeTest" time="0.001">
    <failure type="java.lang.AssertionError">java.lang.AssertionError
	at src.test.java.com.example.TicTacToeTest.testPlayerCannotMoveAfterGameOver(TicTacToeTest.java:161)
</failure>
  </testcase>
  <testcase name="testSwitchPlayerAfterMove" classname="src.test.java.com.example.TicTacToeTest" time="0.001"/>
  <testcase name="testDrawCondition" classname="src.test.java.com.example.TicTacToeTest" time="0.001">
    <failure type="java.lang.AssertionError">java.lang.AssertionError
	at src.test.java.com.example.TicTacToeTest.testDrawCondition(TicTacToeTest.java:72)
</failure>
  </testcase>
  <testcase name="testPlayerCannotOverwriteMove" classname="src.test.java.com.example.TicTacToeTest" time="0"/>
  <testcase name="testPlayerMove" classname="src.test.java.com.example.TicTacToeTest" time="0"/>
  <testcase name="testBoardUpdatesAfterSeveralMoves" classname="src.test.java.com.example.TicTacToeTest" time="0"/>
  <testcase name="testMoveUpdatesBoardCorrectly" classname="src.test.java.com.example.TicTacToeTest" time="0.001"/>
  <testcase name="testGameReset" classname="src.test.java.com.example.TicTacToeTest" time="0"/>
  <testcase name="testWinningConditionColumn" classname="src.test.java.com.example.TicTacToeTest" time="0.001">
    <failure type="java.lang.AssertionError">java.lang.AssertionError
	at src.test.java.com.example.TicTacToeTest.testWinningConditionColumn(TicTacToeTest.java:50)
</failure>
  </testcase>
  <testcase name="testGameNotOverInitially" classname="src.test.java.com.example.TicTacToeTest" time="0"/>
  <testcase name="testPlayerCannotMoveOutsideBoard" classname="src.test.java.com.example.TicTacToeTest" time="0.001"/>
  <testcase name="testNoWinConditionWhenBoardEmpty" classname="src.test.java.com.example.TicTacToeTest" time="0"/>
  <testcase name="testWinningConditionNotMet" classname="src.test.java.com.example.TicTacToeTest" time="0"/>
  <testcase name="testGameOverAfterWin" classname="src.test.java.com.example.TicTacToeTest" time="0.001">
    <failure type="java.lang.AssertionError">java.lang.AssertionError
	at src.test.java.com.example.TicTacToeTest.testGameOverAfterWin(TicTacToeTest.java:125)
</failure>
  </testcase>
</testsuite>